<?xml version="1.0" encoding="UTF-8"?>
<!-- Generated by org.testng.reporters.JUnitReportReporter -->
<testsuite hostname="DESKTOP-7Q921NC" failures="0" tests="4" name="SamplePgm" time="3.028" errors="0" timestamp="2022-03-08T19:05:46 IST" skipped="0">
  <testcase classname="SamplePgm" name="sHoes" time="3.015"/>
  <system-out/>
  <testcase classname="SamplePgm" name="wAtch" time="0.002"/>
  <system-out/>
  <testcase classname="SamplePgm" name="laPtop" time="0.009"/>
  <system-out/>
  <testcase classname="SamplePgm" name="rEdmi" time="0.002"/>
  <system-out/>
</testsuite> <!-- SamplePgm -->
