<?xml version="1.0" encoding="UTF-8"?>
<!-- Generated by org.testng.reporters.JUnitReportReporter -->
<testsuite hostname="DESKTOP-7Q921NC" failures="0" tests="7" name="com.InvocationCount.InvocationCount" time="0.026" errors="0" timestamp="2022-02-27T15:24:52 IST" skipped="0">
  <testcase classname="com.InvocationCount.InvocationCount" name="footBall" time="0.007"/>
  <system-out/>
  <testcase classname="com.InvocationCount.InvocationCount" name="footBall" time="0.003"/>
  <system-out/>
  <testcase classname="com.InvocationCount.InvocationCount" name="acTor" time="0.006"/>
  <system-out/>
  <testcase classname="com.InvocationCount.InvocationCount" name="footBall" time="0.001"/>
  <system-out/>
  <testcase classname="com.InvocationCount.InvocationCount" name="footBall" time="0.005"/>
  <system-out/>
  <testcase classname="com.InvocationCount.InvocationCount" name="criCket" time="0.001"/>
  <system-out/>
  <testcase classname="com.InvocationCount.InvocationCount" name="footBall" time="0.003"/>
  <system-out/>
</testsuite> <!-- com.InvocationCount.InvocationCount -->
