<?xml version="1.0" encoding="UTF-8"?>
<!-- Generated by org.testng.reporters.JUnitReportReporter -->
<testsuite hostname="DESKTOP-7Q921NC" failures="0" tests="3" name="com.Ignore.IgnorePgm" time="0.009" errors="0" timestamp="2022-03-08T12:25:17 IST" skipped="2">
  <testcase classname="com.Ignore.IgnorePgm" name="laPtop" time="0.009"/>
  <system-out/>
  <testcase classname="com.Ignore.IgnorePgm" name="sHoes">
    <skipped/>
  </testcase> <!-- sHoes -->
  <system-out/>
  <testcase classname="com.Ignore.IgnorePgm" name="rEdmi">
    <skipped/>
  </testcase> <!-- rEdmi -->
  <system-out/>
</testsuite> <!-- com.Ignore.IgnorePgm -->
