<?xml version="1.0" encoding="UTF-8"?>
<!-- Generated by org.testng.reporters.JUnitReportReporter -->
<testsuite hostname="DESKTOP-7Q921NC" failures="0" tests="9" name="com.SampleProject.SimpleProject" time="42.916" errors="0" timestamp="2022-03-31T11:22:10 IST" skipped="0">
  <testcase classname="com.SampleProject.SimpleProject" name="ApplicationLanuch" time="16.152"/>
  <system-out/>
  <testcase classname="com.SampleProject.SimpleProject" name="summerDress" time="5.065"/>
  <system-out/>
  <testcase classname="com.SampleProject.SimpleProject" name="productChecking" time="2.952"/>
  <system-out/>
  <testcase classname="com.SampleProject.SimpleProject" name="addtoCart" time="0.081"/>
  <system-out/>
  <testcase classname="com.SampleProject.SimpleProject" name="CheckOut" time="4.144"/>
  <system-out/>
  <testcase classname="com.SampleProject.SimpleProject" name="SiginIn" time="6.899"/>
  <system-out/>
  <testcase classname="com.SampleProject.SimpleProject" name="addressShipping" time="3.861"/>
  <system-out/>
  <testcase classname="com.SampleProject.SimpleProject" name="paymentscreenShot" time="0.274"/>
  <system-out/>
  <testcase classname="com.SampleProject.SimpleProject" name="backtoLoginpage" time="3.488"/>
  <system-out/>
</testsuite> <!-- com.SampleProject.SimpleProject -->
