<?xml version="1.0" encoding="UTF-8"?>
<!-- Generated by org.testng.reporters.JUnitReportReporter -->
<testsuite hostname="DESKTOP-7Q921NC" failures="0" tests="1" name="com.Parametersied.ParametersiedPgm" time="0.009" errors="0" timestamp="2022-03-03T11:28:48 IST" skipped="0">
  <testcase classname="com.Parametersied.ParametersiedPgm" name="employeeDetails" time="0.009"/>
  <system-out/>
</testsuite> <!-- com.Parametersied.ParametersiedPgm -->
