<?xml version="1.0" encoding="UTF-8"?>
<!-- Generated by org.testng.reporters.JUnitReportReporter -->
<testsuite hostname="DESKTOP-7Q921NC" failures="0" tests="2" name="com.parallelmethods.Parallelpgm" time="14.722" errors="0" timestamp="2022-02-27T15:51:37 IST" skipped="0">
  <testcase classname="com.parallelmethods.Parallelpgm" name="fliPkart" time="7.084"/>
  <system-out/>
  <testcase classname="com.parallelmethods.Parallelpgm" name="amaZon" time="7.638"/>
  <system-out/>
</testsuite> <!-- com.parallelmethods.Parallelpgm -->
