<?xml version="1.0" encoding="UTF-8"?>
<!-- Generated by org.testng.reporters.JUnitReportReporter -->
<testsuite hostname="DESKTOP-7Q921NC" failures="0" tests="6" name="com.Group.SimpleGrouping" time="0.012" errors="0" timestamp="2022-03-09T13:05:19 IST" skipped="0">
  <testcase classname="com.Group.SimpleGrouping" name="personalNumber" time="0.001"/>
  <system-out/>
  <testcase classname="com.Group.SimpleGrouping" name="personalAddress" time="0.001"/>
  <system-out/>
  <testcase classname="com.Group.SimpleGrouping" name="iFsc" time="0.000"/>
  <system-out/>
  <testcase classname="com.Group.SimpleGrouping" name="bankNumber" time="0.007"/>
  <system-out/>
  <testcase classname="com.Group.SimpleGrouping" name="empName" time="0.002"/>
  <system-out/>
  <testcase classname="com.Group.SimpleGrouping" name="empId" time="0.001"/>
  <system-out/>
</testsuite> <!-- com.Group.SimpleGrouping -->
