<?xml version="1.0" encoding="UTF-8"?>
<!-- Generated by org.testng.reporters.JUnitReportReporter -->
<testsuite hostname="DESKTOP-7Q921NC" failures="0" tests="1" name="com.Parametersied.ParameterPgm" time="25.011" errors="0" timestamp="2022-03-08T11:30:37 IST" skipped="0">
  <testcase classname="com.Parametersied.ParameterPgm" name="loGin" time="25.011"/>
  <system-out/>
</testsuite> <!-- com.Parametersied.ParameterPgm -->
