<?xml version="1.0" encoding="UTF-8"?>
<!-- Generated by org.testng.reporters.JUnitReportReporter -->
<testsuite hostname="DESKTOP-7Q921NC" failures="0" tests="5" name="com.GroupofGroup.GroupPgm" time="0.022" errors="0" timestamp="2022-03-04T10:59:29 IST" skipped="0">
  <testcase classname="com.GroupofGroup.GroupPgm" name="tnState" time="0.002"/>
  <system-out/>
  <testcase classname="com.GroupofGroup.GroupPgm" name="welcOme" time="0.007"/>
  <system-out/>
  <testcase classname="com.GroupofGroup.GroupPgm" name="hellO" time="0.002"/>
  <system-out/>
  <testcase classname="com.GroupofGroup.GroupPgm" name="omNi" time="0.008"/>
  <system-out/>
  <testcase classname="com.GroupofGroup.GroupPgm" name="tnSt" time="0.003"/>
  <system-out/>
</testsuite> <!-- com.GroupofGroup.GroupPgm -->
