<?xml version="1.0" encoding="UTF-8"?>
<!-- Generated by org.testng.reporters.JUnitReportReporter -->
<testsuite hostname="DESKTOP-7Q921NC" failures="0" tests="2" name="TestNg.TestNg.SimpleAnnotation" time="0.007" errors="0" timestamp="2022-02-26T16:42:03 IST" skipped="0">
  <testcase classname="TestNg.TestNg.SimpleAnnotation" name="shoes" time="0.003"/>
  <system-out/>
  <testcase classname="TestNg.TestNg.SimpleAnnotation" name="bat" time="0.004"/>
  <system-out/>
</testsuite> <!-- TestNg.TestNg.SimpleAnnotation -->
