<?xml version="1.0" encoding="UTF-8"?>
<!-- Generated by org.testng.reporters.JUnitReportReporter -->
<testsuite hostname="DESKTOP-7Q921NC" failures="0" tests="1" name="com.Assert_Concept.AssertPgm" time="7.496" errors="0" timestamp="2022-03-03T11:24:34 IST" skipped="0">
  <testcase classname="com.Assert_Concept.AssertPgm" name="browS" time="7.496"/>
  <system-out/>
</testsuite> <!-- com.Assert_Concept.AssertPgm -->
