<?xml version="1.0" encoding="UTF-8"?>
<!-- Generated by org.testng.reporters.JUnitReportReporter -->
<testsuite hostname="DESKTOP-7Q921NC" failures="0" tests="2" name="com.Exception.Exceptionpgm" time="0.007" errors="0" timestamp="2022-02-27T15:13:31 IST" skipped="0">
  <testcase classname="com.Exception.Exceptionpgm" name="adD" time="0.006"/>
  <system-out/>
  <testcase classname="com.Exception.Exceptionpgm" name="diviDe" time="0.001"/>
  <system-out/>
</testsuite> <!-- com.Exception.Exceptionpgm -->
