<?xml version="1.0" encoding="UTF-8"?>
<!-- Generated by org.testng.reporters.JUnitReportReporter -->
<testsuite hostname="DESKTOP-7Q921NC" failures="0" tests="7" name="com.Priority.Priority" time="0.013" errors="0" timestamp="2022-03-21T17:39:54 IST" skipped="0">
  <testcase classname="com.Priority.Priority" name="elecTronics" time="0.007"/>
  <system-out/>
  <testcase classname="com.Priority.Priority" name="headSet" time="0.000"/>
  <system-out/>
  <testcase classname="com.Priority.Priority" name="rEdmi" time="0.001"/>
  <system-out/>
  <testcase classname="com.Priority.Priority" name="caR" time="0.002"/>
  <system-out/>
  <testcase classname="com.Priority.Priority" name="laPtop" time="0.001"/>
  <system-out/>
  <testcase classname="com.Priority.Priority" name="wAtch" time="0.001"/>
  <system-out/>
  <testcase classname="com.Priority.Priority" name="sHoes" time="0.001"/>
  <system-out/>
</testsuite> <!-- com.Priority.Priority -->
