<?xml version="1.0" encoding="UTF-8"?>
<!-- Generated by org.testng.reporters.JUnitReportReporter -->
<testsuite hostname="DESKTOP-7Q921NC" failures="0" tests="2" name="com.Data_Provider.DataProviderpgm" time="0.010" errors="0" timestamp="2022-03-28T10:23:28 IST" skipped="0">
  <testcase classname="com.Data_Provider.DataProviderpgm" name="testdata" time="0.007"/>
  <system-out/>
  <testcase classname="com.Data_Provider.DataProviderpgm" name="testdata" time="0.003"/>
  <system-out/>
</testsuite> <!-- com.Data_Provider.DataProviderpgm -->
