<?xml version="1.0" encoding="UTF-8"?>
<!-- Generated by org.testng.reporters.JUnitReportReporter -->
<testsuite hostname="DESKTOP-7Q921NC" failures="0" tests="2" name="com.Timout.TimoutPgm" time="3.018" errors="0" timestamp="2022-02-27T14:41:47 IST" skipped="0">
  <testcase classname="com.Timout.TimoutPgm" name="loGin" time="0.006"/>
  <system-out/>
  <testcase classname="com.Timout.TimoutPgm" name="loGout" time="3.012"/>
  <system-out/>
</testsuite> <!-- com.Timout.TimoutPgm -->
