<?xml version="1.0" encoding="UTF-8"?>
<!-- Generated by org.testng.reporters.JUnitReportReporter -->
<testsuite hostname="DESKTOP-7Q921NC" failures="0" tests="1" name="com.SampleProject.Sample1" time="19.380" errors="0" timestamp="2022-03-31T19:36:21 IST" skipped="0">
  <testcase classname="com.SampleProject.Sample1" name="searcHbar" time="19.380"/>
  <system-out/>
</testsuite> <!-- com.SampleProject.Sample1 -->
