<?xml version="1.0" encoding="UTF-8"?>
<!-- Generated by org.testng.reporters.JUnitReportReporter -->
<testsuite hostname="DESKTOP-7Q921NC" failures="0" tests="3" name="com.Dependcy.DependncyPgm" time="25.071" errors="0" timestamp="2022-02-27T15:43:06 IST" skipped="0">
  <testcase classname="com.Dependcy.DependncyPgm" name="logOut" time="0.001"/>
  <system-out/>
  <testcase classname="com.Dependcy.DependncyPgm" name="signIn" time="4.084"/>
  <system-out/>
  <testcase classname="com.Dependcy.DependncyPgm" name="openBrowser" time="20.986"/>
  <system-out/>
</testsuite> <!-- com.Dependcy.DependncyPgm -->
